<?xml version="1.0" encoding="utf-8"?><testsuites name="pytest tests"><testsuite name="pytest" errors="0" failures="0" skipped="0" tests="20" time="8.284" timestamp="2026-04-24T10:36:40.385382+00:00" hostname="agent-env-1a187764-5cf9-48ba-a311-5b64134e4daf"><testcase classname="backend.tests.test_rpg_codex_api.TestRoot" name="test_root_online" time="0.462" /><testcase classname="backend.tests.test_rpg_codex_api.TestAuth" name="test_create_session_invalid_returns_401" time="0.412" /><testcase classname="backend.tests.test_rpg_codex_api.TestAuth" name="test_create_session_missing_body_returns_400" time="0.205" /><testcase classname="backend.tests.test_rpg_codex_api.TestAuth" name="test_me_without_auth_401" time="0.229" /><testcase classname="backend.tests.test_rpg_codex_api.TestAuth" name="test_me_with_bearer" time="0.450" /><testcase classname="backend.tests.test_rpg_codex_api.TestAuth" name="test_logout_deletes_session" time="0.504" /><testcase classname="backend.tests.test_rpg_codex_api.TestEntries" name="test_create_without_auth_401" time="0.184" /><testcase classname="backend.tests.test_rpg_codex_api.TestEntries" name="test_create_entry_admin" time="0.280" /><testcase classname="backend.tests.test_rpg_codex_api.TestEntries" name="test_get_entry_by_id" time="0.196" /><testcase classname="backend.tests.test_rpg_codex_api.TestEntries" name="test_get_entry_404" time="0.230" /><testcase classname="backend.tests.test_rpg_codex_api.TestEntries" name="test_list_entries_filters" time="1.101" /><testcase classname="backend.tests.test_rpg_codex_api.TestEntries" name="test_featured_endpoint" time="0.213" /><testcase classname="backend.tests.test_rpg_codex_api.TestEntries" name="test_update_entry_admin" time="0.385" /><testcase classname="backend.tests.test_rpg_codex_api.TestEntries" name="test_stats_counts" time="0.222" /><testcase classname="backend.tests.test_rpg_codex_api.TestEntries" name="test_delete_entry_admin" time="0.885" /><testcase classname="backend.tests.test_rpg_codex_api.TestNonAdmin" name="test_create_entry_nonadmin_403" time="0.242" /><testcase classname="backend.tests.test_rpg_codex_api.TestNonAdmin" name="test_upload_nonadmin_403" time="0.195" /><testcase classname="backend.tests.test_rpg_codex_api.TestUpload" name="test_upload_without_auth_401" time="0.176" /><testcase classname="backend.tests.test_rpg_codex_api.TestUpload" name="test_upload_admin_ok" time="0.438" /><testcase classname="backend.tests.test_rpg_codex_api.TestUpload" name="test_download_file" time="0.404" /></testsuite></testsuites>